<?xml version="1.0" encoding="UTF-8"?>
<!-- Generated by org.testng.reporters.JUnitXMLReporter -->
<testsuite ignored="0" hostname="DESKTOP-DIMGNTL" failures="0" tests="8" name="Default test" time="2.653" errors="0" timestamp="2022-09-16T09:31:15 EDT">
  <testcase classname="demo.ReadExcelTest" name="TestExcelRead" time="0.034"/>
  <testcase classname="demo.ReadExcelTest" name="TestExcelRead" time="0.005"/>
  <testcase classname="demo.ReadExcelTest" name="TestExcelRead" time="0.004"/>
  <testcase classname="demo.ReadExcelTest" name="TestExcelRead" time="0.003"/>
  <testcase classname="demo.ReadExcelTest" name="TestExcelRead_Iterator" time="0.002"/>
  <testcase classname="demo.ReadExcelTest" name="TestExcelRead_Iterator" time="0.002"/>
  <testcase classname="demo.ReadExcelTest" name="TestExcelRead_Iterator" time="0.001"/>
  <testcase classname="demo.ReadExcelTest" name="TestExcelRead_Iterator" time="0.01"/>
</testsuite> <!-- Default test -->
