<?xml version="1.0" encoding="UTF-8"?>
<testng-results ignored="0" total="8" passed="8" failed="0" skipped="0">
  <reporter-output>
  </reporter-output>
  <suite started-at="2022-09-16T09:31:12 EDT" name="Default suite" finished-at="2022-09-16T09:31:14 EDT" duration-ms="2653">
    <groups>
    </groups>
    <test started-at="2022-09-16T09:31:12 EDT" name="Default test" finished-at="2022-09-16T09:31:14 EDT" duration-ms="2653">
      <class name="demo.ReadExcelTest">
        <test-method signature="TestExcelRead(java.lang.Double,java.lang.String,java.lang.String,java.lang.String)[pri:0, instance:demo.ReadExcelTest@63a12c68]" started-at="2022-09-16T09:31:14 EDT" name="TestExcelRead" data-provider="ReadTestData" finished-at="2022-09-16T09:31:14 EDT" duration-ms="34" status="PASS">
          <params>
            <param index="0">
              <value>
                <![CDATA[1.0]]>
              </value>
            </param>
            <param index="1">
              <value>
                <![CDATA[User1]]>
              </value>
            </param>
            <param index="2">
              <value>
                <![CDATA[Password1]]>
              </value>
            </param>
            <param index="3">
              <value>
                <![CDATA[01/01/2022]]>
              </value>
            </param>
          </params>
          <reporter-output>
          </reporter-output>
        </test-method> <!-- TestExcelRead -->
        <test-method signature="TestExcelRead(java.lang.Double,java.lang.String,java.lang.String,java.lang.String)[pri:0, instance:demo.ReadExcelTest@63a12c68]" started-at="2022-09-16T09:31:14 EDT" name="TestExcelRead" data-provider="ReadTestData" finished-at="2022-09-16T09:31:14 EDT" duration-ms="5" status="PASS">
          <params>
            <param index="0">
              <value>
                <![CDATA[2.0]]>
              </value>
            </param>
            <param index="1">
              <value>
                <![CDATA[User2]]>
              </value>
            </param>
            <param index="2">
              <value>
                <![CDATA[Password2]]>
              </value>
            </param>
            <param index="3">
              <value>
                <![CDATA[01/02/2022]]>
              </value>
            </param>
          </params>
          <reporter-output>
          </reporter-output>
        </test-method> <!-- TestExcelRead -->
        <test-method signature="TestExcelRead(java.lang.Double,java.lang.String,java.lang.String,java.lang.String)[pri:0, instance:demo.ReadExcelTest@63a12c68]" started-at="2022-09-16T09:31:14 EDT" name="TestExcelRead" data-provider="ReadTestData" finished-at="2022-09-16T09:31:14 EDT" duration-ms="4" status="PASS">
          <params>
            <param index="0">
              <value>
                <![CDATA[3.0]]>
              </value>
            </param>
            <param index="1">
              <value>
                <![CDATA[User3]]>
              </value>
            </param>
            <param index="2">
              <value>
                <![CDATA[Password3]]>
              </value>
            </param>
            <param index="3">
              <value>
                <![CDATA[01/03/2022]]>
              </value>
            </param>
          </params>
          <reporter-output>
          </reporter-output>
        </test-method> <!-- TestExcelRead -->
        <test-method signature="TestExcelRead(java.lang.Double,java.lang.String,java.lang.String,java.lang.String)[pri:0, instance:demo.ReadExcelTest@63a12c68]" started-at="2022-09-16T09:31:14 EDT" name="TestExcelRead" data-provider="ReadTestData" finished-at="2022-09-16T09:31:14 EDT" duration-ms="3" status="PASS">
          <params>
            <param index="0">
              <value>
                <![CDATA[4.0]]>
              </value>
            </param>
            <param index="1">
              <value>
                <![CDATA[User4]]>
              </value>
            </param>
            <param index="2">
              <value>
                <![CDATA[Password4]]>
              </value>
            </param>
            <param index="3">
              <value>
                <![CDATA[01/04/2022]]>
              </value>
            </param>
          </params>
          <reporter-output>
          </reporter-output>
        </test-method> <!-- TestExcelRead -->
        <test-method signature="TestExcelRead_Iterator(java.lang.Double,java.lang.String,java.lang.String,java.lang.String)[pri:0, instance:demo.ReadExcelTest@63a12c68]" started-at="2022-09-16T09:31:14 EDT" name="TestExcelRead_Iterator" data-provider="ReadTestData" finished-at="2022-09-16T09:31:14 EDT" duration-ms="2" status="PASS">
          <params>
            <param index="0">
              <value>
                <![CDATA[1.0]]>
              </value>
            </param>
            <param index="1">
              <value>
                <![CDATA[User1]]>
              </value>
            </param>
            <param index="2">
              <value>
                <![CDATA[Password1]]>
              </value>
            </param>
            <param index="3">
              <value>
                <![CDATA[01/01/2022]]>
              </value>
            </param>
          </params>
          <reporter-output>
          </reporter-output>
        </test-method> <!-- TestExcelRead_Iterator -->
        <test-method signature="TestExcelRead_Iterator(java.lang.Double,java.lang.String,java.lang.String,java.lang.String)[pri:0, instance:demo.ReadExcelTest@63a12c68]" started-at="2022-09-16T09:31:14 EDT" name="TestExcelRead_Iterator" data-provider="ReadTestData" finished-at="2022-09-16T09:31:14 EDT" duration-ms="2" status="PASS">
          <params>
            <param index="0">
              <value>
                <![CDATA[2.0]]>
              </value>
            </param>
            <param index="1">
              <value>
                <![CDATA[User2]]>
              </value>
            </param>
            <param index="2">
              <value>
                <![CDATA[Password2]]>
              </value>
            </param>
            <param index="3">
              <value>
                <![CDATA[01/02/2022]]>
              </value>
            </param>
          </params>
          <reporter-output>
          </reporter-output>
        </test-method> <!-- TestExcelRead_Iterator -->
        <test-method signature="TestExcelRead_Iterator(java.lang.Double,java.lang.String,java.lang.String,java.lang.String)[pri:0, instance:demo.ReadExcelTest@63a12c68]" started-at="2022-09-16T09:31:14 EDT" name="TestExcelRead_Iterator" data-provider="ReadTestData" finished-at="2022-09-16T09:31:14 EDT" duration-ms="1" status="PASS">
          <params>
            <param index="0">
              <value>
                <![CDATA[3.0]]>
              </value>
            </param>
            <param index="1">
              <value>
                <![CDATA[User3]]>
              </value>
            </param>
            <param index="2">
              <value>
                <![CDATA[Password3]]>
              </value>
            </param>
            <param index="3">
              <value>
                <![CDATA[01/03/2022]]>
              </value>
            </param>
          </params>
          <reporter-output>
          </reporter-output>
        </test-method> <!-- TestExcelRead_Iterator -->
        <test-method signature="TestExcelRead_Iterator(java.lang.Double,java.lang.String,java.lang.String,java.lang.String)[pri:0, instance:demo.ReadExcelTest@63a12c68]" started-at="2022-09-16T09:31:14 EDT" name="TestExcelRead_Iterator" data-provider="ReadTestData" finished-at="2022-09-16T09:31:14 EDT" duration-ms="10" status="PASS">
          <params>
            <param index="0">
              <value>
                <![CDATA[4.0]]>
              </value>
            </param>
            <param index="1">
              <value>
                <![CDATA[User4]]>
              </value>
            </param>
            <param index="2">
              <value>
                <![CDATA[Password4]]>
              </value>
            </param>
            <param index="3">
              <value>
                <![CDATA[01/04/2022]]>
              </value>
            </param>
          </params>
          <reporter-output>
          </reporter-output>
        </test-method> <!-- TestExcelRead_Iterator -->
      </class> <!-- demo.ReadExcelTest -->
    </test> <!-- Default test -->
  </suite> <!-- Default suite -->
</testng-results>
